Projects/firstapp/dell_cep/build/app/intermediates/proguard-rules/release/aapt_rules.txt
# Referenced at release\arm64-v8a\AndroidManifest.xml:19
-keep class androidx.core.app.CoreComponentFactory { <init>(); }
# Referenced at release\arm64-v8a\AndroidManifest.xml:24
-keep class com.buscaCEP.MainActivity { <init>(); }
# Referenced at release\arm64-v8a\AndroidManifest.xml:19
-keep class io.flutter.app.FlutterApplication { <init>(); }
# Referenced at release\arm64-v8a\AndroidManifest.xml:66
-keep class io.flutter.plugins.urllauncher.WebViewActivity { <init>(); }