Projects/firstapp/dell_cep/build/app/outputs/mapping/release/mapping.txt
# compiler: R8
# compiler_version: 1.5.64
# min_api: 16
# pg_map_id: 14e4bf2
...
io.flutter.embedding.engine.FlutterEngine -> io.flutter.embedding.engine.a:
    io.flutter.embedding.engine.plugins.PluginRegistry getPlugins() -> a
io.flutter.embedding.engine.FlutterEngine$EngineLifecycleListener -> io.flutter.embedding.engine.a$a:
    void onPreEngineRestart() -> a
io.flutter.embedding.engine.FlutterJNI$AccessibilityDelegate -> io.flutter.embedding.engine.FlutterJNI$a:
    void updateCustomAccessibilityActions(java.nio.ByteBuffer,java.lang.String[]) -> a
    void updateSemantics(java.nio.ByteBuffer,java.lang.String[]) -> b
io.flutter.embedding.engine.FlutterJNI$AsyncWaitForVsyncDelegate -> io.flutter.embedding.engine.FlutterJNI$b:
    void asyncWaitForVsync(long) -> a
io.flutter.embedding.engine.dart.PlatformMessageHandler -> io.flutter.embedding.engine.b.a:
    void handleMessageFromDart(java.lang.String,byte[],int) -> a
    void handlePlatformMessageResponse(int,byte[]) -> a
io.flutter.embedding.engine.loader.FlutterLoader -> io.flutter.embedding.engine.c.a:
    java.lang.String PUBLIC_VM_SNAPSHOT_DATA_KEY -> c
    io.flutter.embedding.engine.loader.FlutterLoader$Settings settings -> a
    java.lang.String PUBLIC_AOT_SHARED_LIBRARY_NAME -> b
    java.lang.String PUBLIC_FLUTTER_ASSETS_DIR_KEY -> e
    java.lang.String PUBLIC_ISOLATE_SNAPSHOT_DATA_KEY -> d
    io.flutter.embedding.engine.loader.FlutterLoader instance -> f
    io.flutter.embedding.engine.loader.FlutterLoader getInstance() -> a
    void startInitialization(android.content.Context) -> a
    void startInitialization(android.content.Context,io.flutter.embedding.engine.loader.FlutterLoader$Settings) -> a
    android.content.pm.ApplicationInfo getApplicationInfo(android.content.Context) -> b
    void initConfig(android.content.Context) -> c
    void initResources(android.content.Context) -> d
io.flutter.embedding.engine.loader.FlutterLoader$Settings -> io.flutter.embedding.engine.c.a$a:
io.flutter.embedding.engine.loader.ResourceCleaner -> io.flutter.embedding.engine.c.b:
    android.content.Context mContext -> a
    void start() -> a
io.flutter.embedding.engine.loader.ResourceCleaner$1 -> io.flutter.embedding.engine.c.b$a:
io.flutter.embedding.engine.loader.ResourceCleaner$2 -> io.flutter.embedding.engine.c.b$b:
    io.flutter.embedding.engine.loader.ResourceCleaner$CleanTask val$task -> a
io.flutter.embedding.engine.loader.ResourceCleaner$CleanTask -> io.flutter.embedding.engine.c.b$c:
    java.io.File[] mFilesToDelete -> a
    void deleteRecursively(java.io.File) -> a
    java.lang.Void doInBackground(java.lang.Void[]) -> a
    boolean hasFilesToDelete() -> a
io.flutter.embedding.engine.plugins.PluginRegistry -> io.flutter.embedding.engine.d.a:
io.flutter.embedding.engine.renderer.FlutterUiDisplayListener -> io.flutter.embedding.engine.e.a:
    void onFlutterUiDisplayed() -> a
    void onFlutterUiNoLongerDisplayed() -> b
io.flutter.plugin.common.MessageCodec -> b.a.b.a.a:
io.flutter.plugin.common.StandardMessageCodec -> b.a.b.a.b:
    java.nio.charset.Charset UTF8 -> c
    io.flutter.plugin.common.StandardMessageCodec INSTANCE -> a
    boolean LITTLE_ENDIAN -> b
    java.nio.ByteBuffer encodeMessage(java.lang.Object) -> a
    void writeAlignment(java.io.ByteArrayOutputStream,int) -> a
    void writeBytes(java.io.ByteArrayOutputStream,byte[]) -> a
    void writeDouble(java.io.ByteArrayOutputStream,double) -> a
    void writeLong(java.io.ByteArrayOutputStream,long) -> a
    void writeValue(java.io.ByteArrayOutputStream,java.lang.Object) -> a
    void writeChar(java.io.ByteArrayOutputStream,int) -> b
    void writeInt(java.io.ByteArrayOutputStream,int) -> c
    void writeSize(java.io.ByteArrayOutputStream,int) -> d
io.flutter.plugin.common.StandardMessageCodec$ExposedByteArrayOutputStream -> b.a.b.a.b$a:
    byte[] buffer() -> a
io.flutter.plugin.platform.AccessibilityEventsDelegate -> io.flutter.plugin.platform.a:
    boolean requestSendAccessibilityEvent(android.view.View,android.view.View,android.view.accessibility.AccessibilityEvent) -> a